#! /usr/local/bin/vvp
:ivl_version "12.0 (stable)";
:ivl_delay_selection "TYPICAL";
:vpi_time_precision - 12;
:vpi_module "/usr/local/lib/ivl/system.vpi";
:vpi_module "/usr/local/lib/ivl/vhdl_sys.vpi";
:vpi_module "/usr/local/lib/ivl/vhdl_textio.vpi";
:vpi_module "/usr/local/lib/ivl/v2005_math.vpi";
:vpi_module "/usr/local/lib/ivl/va_math.vpi";
:vpi_module "/usr/local/lib/ivl/v2009.vpi";
S_0x160c760 .scope package, "$unit" "$unit" 2 1;
 .timescale 0 0;
S_0x1601cf0 .scope module, "tb_adaptive_beam_steering_unit" "tb_adaptive_beam_steering_unit" 3 2;
 .timescale -9 -12;
v0x1634d80_0 .var "A_xray", 0 0;
v0x1634e20_0 .var "B_dose", 0 0;
v0x1634ef0_0 .var "C_pos", 0 0;
v0x1634ff0_0 .var "D_temp", 0 0;
v0x16350c0_0 .var "E_vib", 0 0;
v0x16351b0_0 .var "F_power", 0 0;
v0x1635280_0 .net "Y1_table", 0 0, v0x1633cb0_0;  1 drivers
v0x1635350_0 .net "Y2_gantry", 0 0, v0x1633d70_0;  1 drivers
v0x1635420_0 .net "Y3_filter", 0 0, v0x1633e30_0;  1 drivers
v0x1635580_0 .net "Y4_fan", 0 0, v0x1633f80_0;  1 drivers
v0x1635650_0 .net "Y5_shutter", 0 0, v0x1634040_0;  1 drivers
v0x1635720_0 .net "Y6_relay_iso", 0 0, v0x1634100_0;  1 drivers
v0x16357f0_0 .var "clk", 0 0;
v0x16358c0_0 .var "rst_n", 0 0;
v0x1635990_0 .net "state_dbg", 2 0, L_0x1635a60;  1 drivers
S_0x1601e80 .scope module, "dut" "adaptive_beam_steering_unit" 3 9, 4 2 0, S_0x1601cf0;
 .timescale -9 -12;
    .port_info 0 /INPUT 1 "clk";
    .port_info 1 /INPUT 1 "rst_n";
    .port_info 2 /INPUT 1 "A_xray";
    .port_info 3 /INPUT 1 "B_dose";
    .port_info 4 /INPUT 1 "C_pos";
    .port_info 5 /INPUT 1 "D_temp";
    .port_info 6 /INPUT 1 "E_vib";
    .port_info 7 /INPUT 1 "F_power";
    .port_info 8 /OUTPUT 1 "Y1_table";
    .port_info 9 /OUTPUT 1 "Y2_gantry";
    .port_info 10 /OUTPUT 1 "Y3_filter";
    .port_info 11 /OUTPUT 1 "Y4_fan";
    .port_info 12 /OUTPUT 1 "Y5_shutter";
    .port_info 13 /OUTPUT 1 "Y6_relay_iso";
    .port_info 14 /OUTPUT 3 "state_dbg";
enum0x15e2cf0 .enum4 (3)
   "S0_INIT" 3'b000,
   "S1_NORMAL" 3'b001,
   "S2_WARN" 3'b010,
   "S3_FAULT" 3'b011,
   "S4_EMG" 3'b100
 ;
L_0x1635a60 .functor BUFZ 3, v0x1634710_0, C4<000>, C4<000>, C4<000>;
v0x1602750_0 .net "A_xray", 0 0, v0x1634d80_0;  1 drivers
v0x1633890_0 .net "B_dose", 0 0, v0x1634e20_0;  1 drivers
v0x1633950_0 .net "C_pos", 0 0, v0x1634ef0_0;  1 drivers
v0x1633a20_0 .net "D_temp", 0 0, v0x1634ff0_0;  1 drivers
v0x1633ae0_0 .net "E_vib", 0 0, v0x16350c0_0;  1 drivers
v0x1633bf0_0 .net "F_power", 0 0, v0x16351b0_0;  1 drivers
v0x1633cb0_0 .var "Y1_table", 0 0;
v0x1633d70_0 .var "Y2_gantry", 0 0;
v0x1633e30_0 .var "Y3_filter", 0 0;
v0x1633f80_0 .var "Y4_fan", 0 0;
v0x1634040_0 .var "Y5_shutter", 0 0;
v0x1634100_0 .var "Y6_relay_iso", 0 0;
v0x16341c0_0 .var "all_ok", 0 0;
v0x1634280_0 .net "clk", 0 0, v0x16357f0_0;  1 drivers
v0x1634340_0 .var "emg", 0 0;
v0x1634400_0 .var "fault", 0 0;
v0x16344c0_0 .var "next_state", 2 0;
v0x1634670_0 .net "rst_n", 0 0, v0x16358c0_0;  1 drivers
v0x1634710_0 .var "state", 2 0;
v0x16347d0_0 .net "state_dbg", 2 0, L_0x1635a60;  alias, 1 drivers
v0x16348b0_0 .var "warn", 0 0;
E_0x15f7ec0 .event anyedge, v0x1634710_0, v0x1633ae0_0;
E_0x15f7f30/0 .event negedge, v0x1634670_0;
E_0x15f7f30/1 .event posedge, v0x1634280_0;
E_0x15f7f30 .event/or E_0x15f7f30/0, E_0x15f7f30/1;
E_0x15f7fa0/0 .event anyedge, v0x1634710_0, v0x1634670_0, v0x1634340_0, v0x1634400_0;
E_0x15f7fa0/1 .event anyedge, v0x16348b0_0, v0x16341c0_0;
E_0x15f7fa0 .event/or E_0x15f7fa0/0, E_0x15f7fa0/1;
E_0x15e2e30/0 .event anyedge, v0x1633890_0, v0x1633bf0_0, v0x1602750_0, v0x1633950_0;
E_0x15e2e30/1 .event anyedge, v0x1633a20_0, v0x1633ae0_0;
E_0x15e2e30 .event/or E_0x15e2e30/0, E_0x15e2e30/1;
S_0x1634bd0 .scope task, "show" "show" 3 64, 3 64 0, S_0x1601cf0;
 .timescale -9 -12;
TD_tb_adaptive_beam_steering_unit.show ;
    %vpi_call/w 3 65 "$display", "t=%0t | A B C D E F = %0d %0d %0d %0d %0d %0d | state=%b | Y=%0d%0d%0d%0d%0d%0d", $time, v0x1634d80_0, v0x1634e20_0, v0x1634ef0_0, v0x1634ff0_0, v0x16350c0_0, v0x16351b0_0, v0x1635990_0, v0x1635280_0, v0x1635350_0, v0x1635420_0, v0x1635580_0, v0x1635650_0, v0x1635720_0 {0 0 0};
    %end;
    .scope S_0x1601e80;
T_1 ;
Ewait_0 .event/or E_0x15e2e30, E_0x0;
    %wait Ewait_0;
    %load/vec4 v0x1633890_0;
    %load/vec4 v0x1633bf0_0;
    %or;
    %store/vec4 v0x1634340_0, 0, 1;
    %load/vec4 v0x1602750_0;
    %load/vec4 v0x1633950_0;
    %or;
    %store/vec4 v0x1634400_0, 0, 1;
    %load/vec4 v0x1633a20_0;
    %load/vec4 v0x1633ae0_0;
    %or;
    %store/vec4 v0x16348b0_0, 0, 1;
    %load/vec4 v0x1634340_0;
    %load/vec4 v0x1634400_0;
    %or;
    %load/vec4 v0x16348b0_0;
    %or;
    %inv;
    %store/vec4 v0x16341c0_0, 0, 1;
    %jmp T_1;
    .thread T_1, $push;
    .scope S_0x1601e80;
T_2 ;
Ewait_1 .event/or E_0x15f7fa0, E_0x0;
    %wait Ewait_1;
    %load/vec4 v0x1634710_0;
    %store/vec4 v0x16344c0_0, 0, 3;
    %load/vec4 v0x1634710_0;
    %dup/vec4;
    %pushi/vec4 0, 0, 3;
    %cmp/u;
    %jmp/1 T_2.0, 6;
    %dup/vec4;
    %pushi/vec4 1, 0, 3;
    %cmp/u;
    %jmp/1 T_2.1, 6;
    %dup/vec4;
    %pushi/vec4 2, 0, 3;
    %cmp/u;
    %jmp/1 T_2.2, 6;
    %dup/vec4;
    %pushi/vec4 3, 0, 3;
    %cmp/u;
    %jmp/1 T_2.3, 6;
    %dup/vec4;
    %pushi/vec4 4, 0, 3;
    %cmp/u;
    %jmp/1 T_2.4, 6;
    %vpi_call/w 4 41 "$warning", "value is unhandled for priority or unique case statement" {0 0 0};
    %jmp T_2.5;
T_2.0 ;
    %load/vec4 v0x1634670_0;
    %nor/r;
    %flag_set/vec4 8;
    %jmp/0xz  T_2.6, 8;
    %pushi/vec4 0, 0, 3;
    %store/vec4 v0x16344c0_0, 0, 3;
    %jmp T_2.7;
T_2.6 ;
    %load/vec4 v0x1634340_0;
    %flag_set/vec4 8;
    %jmp/0xz  T_2.8, 8;
    %pushi/vec4 4, 0, 3;
    %store/vec4 v0x16344c0_0, 0, 3;
    %jmp T_2.9;
T_2.8 ;
    %load/vec4 v0x1634400_0;
    %flag_set/vec4 8;
    %jmp/0xz  T_2.10, 8;
    %pushi/vec4 3, 0, 3;
    %store/vec4 v0x16344c0_0, 0, 3;
    %jmp T_2.11;
T_2.10 ;
    %load/vec4 v0x16348b0_0;
    %flag_set/vec4 8;
    %jmp/0xz  T_2.12, 8;
    %pushi/vec4 2, 0, 3;
    %store/vec4 v0x16344c0_0, 0, 3;
    %jmp T_2.13;
T_2.12 ;
    %pushi/vec4 1, 0, 3;
    %store/vec4 v0x16344c0_0, 0, 3;
T_2.13 ;
T_2.11 ;
T_2.9 ;
T_2.7 ;
    %jmp T_2.5;
T_2.1 ;
    %load/vec4 v0x1634340_0;
    %flag_set/vec4 8;
    %jmp/0xz  T_2.14, 8;
    %pushi/vec4 4, 0, 3;
    %store/vec4 v0x16344c0_0, 0, 3;
    %jmp T_2.15;
T_2.14 ;
    %load/vec4 v0x1634400_0;
    %flag_set/vec4 8;
    %jmp/0xz  T_2.16, 8;
    %pushi/vec4 3, 0, 3;
    %store/vec4 v0x16344c0_0, 0, 3;
    %jmp T_2.17;
T_2.16 ;
    %load/vec4 v0x16348b0_0;
    %flag_set/vec4 8;
    %jmp/0xz  T_2.18, 8;
    %pushi/vec4 2, 0, 3;
    %store/vec4 v0x16344c0_0, 0, 3;
    %jmp T_2.19;
T_2.18 ;
    %pushi/vec4 1, 0, 3;
    %store/vec4 v0x16344c0_0, 0, 3;
T_2.19 ;
T_2.17 ;
T_2.15 ;
    %jmp T_2.5;
T_2.2 ;
    %load/vec4 v0x1634340_0;
    %flag_set/vec4 8;
    %jmp/0xz  T_2.20, 8;
    %pushi/vec4 4, 0, 3;
    %store/vec4 v0x16344c0_0, 0, 3;
    %jmp T_2.21;
T_2.20 ;
    %load/vec4 v0x1634400_0;
    %flag_set/vec4 8;
    %jmp/0xz  T_2.22, 8;
    %pushi/vec4 3, 0, 3;
    %store/vec4 v0x16344c0_0, 0, 3;
    %jmp T_2.23;
T_2.22 ;
    %load/vec4 v0x16341c0_0;
    %flag_set/vec4 8;
    %jmp/0xz  T_2.24, 8;
    %pushi/vec4 1, 0, 3;
    %store/vec4 v0x16344c0_0, 0, 3;
    %jmp T_2.25;
T_2.24 ;
    %pushi/vec4 2, 0, 3;
    %store/vec4 v0x16344c0_0, 0, 3;
T_2.25 ;
T_2.23 ;
T_2.21 ;
    %jmp T_2.5;
T_2.3 ;
    %load/vec4 v0x1634340_0;
    %flag_set/vec4 8;
    %jmp/0xz  T_2.26, 8;
    %pushi/vec4 4, 0, 3;
    %store/vec4 v0x16344c0_0, 0, 3;
    %jmp T_2.27;
T_2.26 ;
    %load/vec4 v0x16341c0_0;
    %flag_set/vec4 8;
    %jmp/0xz  T_2.28, 8;
    %pushi/vec4 1, 0, 3;
    %store/vec4 v0x16344c0_0, 0, 3;
    %jmp T_2.29;
T_2.28 ;
    %pushi/vec4 3, 0, 3;
    %store/vec4 v0x16344c0_0, 0, 3;
T_2.29 ;
T_2.27 ;
    %jmp T_2.5;
T_2.4 ;
    %load/vec4 v0x1634670_0;
    %nor/r;
    %flag_set/vec4 8;
    %jmp/0xz  T_2.30, 8;
    %pushi/vec4 0, 0, 3;
    %store/vec4 v0x16344c0_0, 0, 3;
    %jmp T_2.31;
T_2.30 ;
    %pushi/vec4 4, 0, 3;
    %store/vec4 v0x16344c0_0, 0, 3;
T_2.31 ;
    %jmp T_2.5;
T_2.5 ;
    %pop/vec4 1;
    %jmp T_2;
    .thread T_2, $push;
    .scope S_0x1601e80;
T_3 ;
    %wait E_0x15f7f30;
    %load/vec4 v0x1634670_0;
    %nor/r;
    %flag_set/vec4 8;
    %jmp/0xz  T_3.0, 8;
    %pushi/vec4 0, 0, 3;
    %assign/vec4 v0x1634710_0, 0;
    %jmp T_3.1;
T_3.0 ;
    %load/vec4 v0x16344c0_0;
    %assign/vec4 v0x1634710_0, 0;
T_3.1 ;
    %jmp T_3;
    .thread T_3;
    .scope S_0x1601e80;
T_4 ;
Ewait_2 .event/or E_0x15f7ec0, E_0x0;
    %wait Ewait_2;
    %pushi/vec4 0, 0, 1;
    %store/vec4 v0x1633cb0_0, 0, 1;
    %pushi/vec4 0, 0, 1;
    %store/vec4 v0x1633d70_0, 0, 1;
    %pushi/vec4 0, 0, 1;
    %store/vec4 v0x1633e30_0, 0, 1;
    %pushi/vec4 0, 0, 1;
    %store/vec4 v0x1633f80_0, 0, 1;
    %pushi/vec4 0, 0, 1;
    %store/vec4 v0x1634040_0, 0, 1;
    %pushi/vec4 0, 0, 1;
    %store/vec4 v0x1634100_0, 0, 1;
    %load/vec4 v0x1634710_0;
    %dup/vec4;
    %pushi/vec4 0, 0, 3;
    %cmp/u;
    %jmp/1 T_4.0, 6;
    %dup/vec4;
    %pushi/vec4 1, 0, 3;
    %cmp/u;
    %jmp/1 T_4.1, 6;
    %dup/vec4;
    %pushi/vec4 2, 0, 3;
    %cmp/u;
    %jmp/1 T_4.2, 6;
    %dup/vec4;
    %pushi/vec4 3, 0, 3;
    %cmp/u;
    %jmp/1 T_4.3, 6;
    %dup/vec4;
    %pushi/vec4 4, 0, 3;
    %cmp/u;
    %jmp/1 T_4.4, 6;
    %vpi_call/w 4 86 "$warning", "value is unhandled for priority or unique case statement" {0 0 0};
    %jmp T_4.5;
T_4.0 ;
    %pushi/vec4 1, 0, 1;
    %store/vec4 v0x1634040_0, 0, 1;
    %pushi/vec4 1, 0, 1;
    %store/vec4 v0x1634100_0, 0, 1;
    %jmp T_4.5;
T_4.1 ;
    %pushi/vec4 1, 0, 1;
    %store/vec4 v0x1633cb0_0, 0, 1;
    %pushi/vec4 1, 0, 1;
    %store/vec4 v0x1633d70_0, 0, 1;
    %pushi/vec4 1, 0, 1;
    %store/vec4 v0x1633e30_0, 0, 1;
    %jmp T_4.5;
T_4.2 ;
    %pushi/vec4 1, 0, 1;
    %store/vec4 v0x1633cb0_0, 0, 1;
    %load/vec4 v0x1633ae0_0;
    %inv;
    %store/vec4 v0x1633d70_0, 0, 1;
    %pushi/vec4 1, 0, 1;
    %store/vec4 v0x1633e30_0, 0, 1;
    %pushi/vec4 1, 0, 1;
    %store/vec4 v0x1633f80_0, 0, 1;
    %jmp T_4.5;
T_4.3 ;
    %pushi/vec4 1, 0, 1;
    %store/vec4 v0x1633f80_0, 0, 1;
    %pushi/vec4 1, 0, 1;
    %store/vec4 v0x1634040_0, 0, 1;
    %pushi/vec4 1, 0, 1;
    %store/vec4 v0x1634100_0, 0, 1;
    %jmp T_4.5;
T_4.4 ;
    %pushi/vec4 1, 0, 1;
    %store/vec4 v0x1633f80_0, 0, 1;
    %pushi/vec4 1, 0, 1;
    %store/vec4 v0x1634040_0, 0, 1;
    %pushi/vec4 1, 0, 1;
    %store/vec4 v0x1634100_0, 0, 1;
    %jmp T_4.5;
T_4.5 ;
    %pop/vec4 1;
    %jmp T_4;
    .thread T_4, $push;
    .scope S_0x1601cf0;
T_5 ;
    %delay 5000, 0;
    %load/vec4 v0x16357f0_0;
    %inv;
    %store/vec4 v0x16357f0_0, 0, 1;
    %jmp T_5;
    .thread T_5;
    .scope S_0x1601cf0;
T_6 ;
    %vpi_call/w 3 27 "$dumpfile", "dump.vcd" {0 0 0};
    %vpi_call/w 3 28 "$dumpvars", 32'sb00000000000000000000000000000000, S_0x1601cf0 {0 0 0};
    %end;
    .thread T_6;
    .scope S_0x1601cf0;
T_7 ;
    %vpi_call/w 3 35 "$display", "==== TB START ====" {0 0 0};
    %pushi/vec4 0, 0, 1;
    %store/vec4 v0x16357f0_0, 0, 1;
    %pushi/vec4 0, 0, 1;
    %store/vec4 v0x16358c0_0, 0, 1;
    %pushi/vec4 0, 0, 1;
    %store/vec4 v0x1634d80_0, 0, 1;
    %pushi/vec4 0, 0, 1;
    %store/vec4 v0x1634e20_0, 0, 1;
    %pushi/vec4 0, 0, 1;
    %store/vec4 v0x1634ef0_0, 0, 1;
    %pushi/vec4 0, 0, 1;
    %store/vec4 v0x1634ff0_0, 0, 1;
    %pushi/vec4 0, 0, 1;
    %store/vec4 v0x16350c0_0, 0, 1;
    %pushi/vec4 0, 0, 1;
    %store/vec4 v0x16351b0_0, 0, 1;
    %delay 20000, 0;
    %pushi/vec4 1, 0, 1;
    %store/vec4 v0x16358c0_0, 0, 1;
    %delay 20000, 0;
    %fork TD_tb_adaptive_beam_steering_unit.show, S_0x1634bd0;
    %join;
    %pushi/vec4 1, 0, 1;
    %store/vec4 v0x1634ff0_0, 0, 1;
    %delay 20000, 0;
    %fork TD_tb_adaptive_beam_steering_unit.show, S_0x1634bd0;
    %join;
    %pushi/vec4 0, 0, 1;
    %store/vec4 v0x1634ff0_0, 0, 1;
    %delay 20000, 0;
    %fork TD_tb_adaptive_beam_steering_unit.show, S_0x1634bd0;
    %join;
    %pushi/vec4 1, 0, 1;
    %store/vec4 v0x1634d80_0, 0, 1;
    %delay 20000, 0;
    %fork TD_tb_adaptive_beam_steering_unit.show, S_0x1634bd0;
    %join;
    %pushi/vec4 0, 0, 1;
    %store/vec4 v0x1634d80_0, 0, 1;
    %delay 20000, 0;
    %fork TD_tb_adaptive_beam_steering_unit.show, S_0x1634bd0;
    %join;
    %pushi/vec4 1, 0, 1;
    %store/vec4 v0x1634e20_0, 0, 1;
    %delay 20000, 0;
    %fork TD_tb_adaptive_beam_steering_unit.show, S_0x1634bd0;
    %join;
    %pushi/vec4 0, 0, 1;
    %store/vec4 v0x1634e20_0, 0, 1;
    %delay 20000, 0;
    %fork TD_tb_adaptive_beam_steering_unit.show, S_0x1634bd0;
    %join;
    %pushi/vec4 0, 0, 1;
    %store/vec4 v0x16358c0_0, 0, 1;
    %delay 20000, 0;
    %pushi/vec4 1, 0, 1;
    %store/vec4 v0x16358c0_0, 0, 1;
    %delay 20000, 0;
    %fork TD_tb_adaptive_beam_steering_unit.show, S_0x1634bd0;
    %join;
    %vpi_call/w 3 59 "$display", "==== TB END ====" {0 0 0};
    %vpi_call/w 3 60 "$finish" {0 0 0};
    %end;
    .thread T_7;
# The file index is used to find the file name in the following table.
:file_names 5;
    "N/A";
    "<interactive>";
    "-";
    "testbench.sv";
    "design.sv";
